<?xml version="1.0" encoding="UTF-8"?>
<!-- Generated by org.testng.reporters.JUnitXMLReporter -->
<testsuite hostname="GINALLAP-LAP" ignored="0" name="SampleTest" tests="3" failures="1" timestamp="25 Mar 2019 20:21:08 GMT" time="35.736" errors="0">
  <testcase name="login" time="4.764" classname="com.GirishContractsADFAutomation.TestCases.TC_01_LoginTest"/>
  <testcase name="logout" time="15.813" classname="com.GirishContractsADFAutomation.TestCases.TC_01_LoginTest"/>
  <testcase name="navigate_workarea" time="10.034" classname="com.GirishContractsADFAutomation.TestCases.TC_01_LoginTest">
    <failure type="org.openqa.selenium.NoSuchElementException" message="Unable to locate element: #pt1\:_UISmmLink
For documentation on this error, please visit: https://www.seleniumhq.org/exceptions/no_such_element.html
Build info: version: &amp;apos;3.141.59&amp;apos;, revision: &amp;apos;e82be7d358&amp;apos;, time: &amp;apos;2018-11-14T08:17:03&amp;apos;
System info: host: &amp;apos;GINALLAP-LAP&amp;apos;, ip: &amp;apos;10.209.166.85&amp;apos;, os.name: &amp;apos;Windows 10&amp;apos;, os.arch: &amp;apos;amd64&amp;apos;, os.version: &amp;apos;10.0&amp;apos;, java.version: &amp;apos;1.8.0_201&amp;apos;
Driver info: org.openqa.selenium.firefox.FirefoxDriver
Capabilities {acceptInsecureCerts: true, browserName: firefox, browserVersion: 60.5.2, javascriptEnabled: true, moz:accessibilityChecks: false, moz:geckodriverVersion: 0.24.0, moz:headless: false, moz:processID: 21704, moz:profile: C:\Users\ginallap.ORADEV\Ap..., moz:useNonSpecCompliantPointerOrigin: false, moz:webdriverClick: true, pageLoadStrategy: normal, platform: XP, platformName: XP, platformVersion: 10.0, rotatable: false, timeouts: {implicit: 0, pageLoad: 300000, script: 30000}}
Session ID: 8b61e07a-caea-45ac-b9b9-f1e6184c06dd
*** Element info: {Using=id, value=pt1:_UISmmLink}">
      <![CDATA[org.openqa.selenium.NoSuchElementException: Unable to locate element: #pt1\:_UISmmLink
For documentation on this error, please visit: https://www.seleniumhq.org/exceptions/no_such_element.html
Build info: version: '3.141.59', revision: 'e82be7d358', time: '2018-11-14T08:17:03'
System info: host: 'GINALLAP-LAP', ip: '10.209.166.85', os.name: 'Windows 10', os.arch: 'amd64', os.version: '10.0', java.version: '1.8.0_201'
Driver info: org.openqa.selenium.firefox.FirefoxDriver
Capabilities {acceptInsecureCerts: true, browserName: firefox, browserVersion: 60.5.2, javascriptEnabled: true, moz:accessibilityChecks: false, moz:geckodriverVersion: 0.24.0, moz:headless: false, moz:processID: 21704, moz:profile: C:\Users\ginallap.ORADEV\Ap..., moz:useNonSpecCompliantPointerOrigin: false, moz:webdriverClick: true, pageLoadStrategy: normal, platform: XP, platformName: XP, platformVersion: 10.0, rotatable: false, timeouts: {implicit: 0, pageLoad: 300000, script: 30000}}
Session ID: 8b61e07a-caea-45ac-b9b9-f1e6184c06dd
*** Element info: {Using=id, value=pt1:_UISmmLink}
at org.openqa.selenium.remote.http.W3CHttpResponseCodec.createException(W3CHttpResponseCodec.java:187)
at org.openqa.selenium.remote.http.W3CHttpResponseCodec.decode(W3CHttpResponseCodec.java:122)
at org.openqa.selenium.remote.http.W3CHttpResponseCodec.decode(W3CHttpResponseCodec.java:49)
at org.openqa.selenium.remote.HttpCommandExecutor.execute(HttpCommandExecutor.java:158)
at org.openqa.selenium.remote.service.DriverCommandExecutor.execute(DriverCommandExecutor.java:83)
at org.openqa.selenium.remote.RemoteWebDriver.execute(RemoteWebDriver.java:552)
at org.openqa.selenium.remote.RemoteWebDriver.findElement(RemoteWebDriver.java:323)
at org.openqa.selenium.remote.RemoteWebDriver.findElementById(RemoteWebDriver.java:372)
at org.openqa.selenium.By$ById.findElement(By.java:188)
at org.openqa.selenium.remote.RemoteWebDriver.findElement(RemoteWebDriver.java:315)
at org.openqa.selenium.support.pagefactory.DefaultElementLocator.findElement(DefaultElementLocator.java:69)
at org.openqa.selenium.support.pagefactory.internal.LocatingElementHandler.invoke(LocatingElementHandler.java:38)
at com.sun.proxy.$Proxy11.click(Unknown Source)
at com.GirishContractsADFAutomation.PageObjects.HomePage.navigate_Workarea(HomePage.java:36)
at com.GirishContractsADFAutomation.TestCases.TC_01_LoginTest.navigate_workarea(TC_01_LoginTest.java:26)
... Removed 29 stack frames]]>
    </failure>
  </testcase> <!-- navigate_workarea -->
</testsuite> <!-- SampleTest -->
